  Building Custom Rule C:/Users/jawda/OneDrive/Desktop/CMPUT350_Lab/BasicSc2Bot/cpp-sc2/contrib/SDL-mirror/CMakeLists.txt
  SDL.c
  SDL_assert.c
  SDL_dataqueue.c
  SDL_error.c
  SDL_hints.c
  SDL_log.c
  SDL_atomic.c
  SDL_spinlock.c
  SDL_audio.c
  SDL_audiocvt.c
  SDL_audiodev.c
  SDL_audiotypecvt.c
  SDL_mixer.c
  SDL_wave.c
  SDL_cpuinfo.c
  SDL_dynapi.c
  SDL_clipboardevents.c
  SDL_dropevents.c
  SDL_events.c
  SDL_gesture.c
  Generating Code...
  Compiling...
  SDL_keyboard.c
  SDL_mouse.c
  SDL_quit.c
  SDL_touch.c
  SDL_windowevents.c
  SDL_rwops.c
  e_atan2.c
  e_log.c
  e_pow.c
  e_rem_pio2.c
  e_sqrt.c
  k_cos.c
  k_rem_pio2.c
  k_sin.c
  k_tan.c
  s_atan.c
  s_copysign.c
  s_cos.c
  s_fabs.c
  s_floor.c
  Generating Code...
  Compiling...
  s_scalbn.c
  s_sin.c
  s_tan.c
  SDL_d3dmath.c
  SDL_render.c
  SDL_yuv_mmx.c
  SDL_yuv_sw.c
  SDL_render_d3d.c
  SDL_render_d3d11.c
  SDL_render_gl.c
  SDL_shaders_gl.c
  SDL_render_gles.c
  SDL_render_gles2.c
  SDL_shaders_gles2.c
  SDL_render_psp.c
  SDL_blendfillrect.c
  SDL_blendline.c
  SDL_blendpoint.c
  SDL_drawline.c
  SDL_drawpoint.c
  Generating Code...
  Compiling...
  SDL_render_sw.c
  SDL_rotate.c
  SDL_getenv.c
  SDL_iconv.c
  SDL_malloc.c
  SDL_qsort.c
C:\Users\jawda\OneDrive\Desktop\CMPUT350_Lab\BasicSc2Bot\cpp-sc2\contrib\SDL-mirror\src\stdlib\SDL_qsort.c(365,1): warning C4267: 'initializing': conversion from 'size_t' to 'int', possible loss of data
C:\Users\jawda\OneDrive\Desktop\CMPUT350_Lab\BasicSc2Bot\cpp-sc2\contrib\SDL-mirror\src\stdlib\SDL_qsort.c(522,17): warning C4311: 'type cast': pointer truncation from 'void *' to 'int'
  SDL_stdlib.c
  SDL_string.c
  SDL_thread.c
  SDL_timer.c
  SDL_RLEaccel.c
  SDL_blit.c
  SDL_blit_0.c
  SDL_blit_1.c
  SDL_blit_A.c
  SDL_blit_N.c
  SDL_blit_auto.c
  SDL_blit_copy.c
  SDL_blit_slow.c
  SDL_bmp.c
  Generating Code...
  Compiling...
  SDL_clipboard.c
  SDL_egl.c
  SDL_fillrect.c
  SDL_pixels.c
  SDL_rect.c
  SDL_shape.c
  SDL_stretch.c
  SDL_surface.c
  SDL_video.c
  SDL_gamecontroller.c
  SDL_joystick.c
  SDL_haptic.c
  SDL_power.c
  SDL_dummyaudio.c
  SDL_diskaudio.c
  SDL_nullevents.c
  SDL_nullframebuffer.c
  SDL_nullvideo.c
  SDL_windows.c
  SDL_xinput.c
  Generating Code...
  Compiling...
  SDL_winmm.c
  SDL_directsound.c
  SDL_windowsclipboard.c
  SDL_windowsevents.c
  SDL_windowsframebuffer.c
  SDL_windowskeyboard.c
C:\Users\jawda\OneDrive\Desktop\CMPUT350_Lab\BasicSc2Bot\cpp-sc2\contrib\SDL-mirror\src\video\windows\SDL_windowskeyboard.c(459,9): warning C4996: 'GetVersionExA': was declared deprecated
C:\Users\jawda\OneDrive\Desktop\CMPUT350_Lab\BasicSc2Bot\cpp-sc2\contrib\SDL-mirror\src\video\windows\SDL_windowskeyboard.c(550,67): warning C4312: 'type cast': conversion from 'unsigned int' to 'HKL' of greater size
C:\Users\jawda\OneDrive\Desktop\CMPUT350_Lab\BasicSc2Bot\cpp-sc2\contrib\SDL-mirror\src\video\windows\SDL_windowskeyboard.c(585,16): warning C4312: 'type cast': conversion from 'unsigned int' to 'HKL' of greater size
C:\Users\jawda\OneDrive\Desktop\CMPUT350_Lab\BasicSc2Bot\cpp-sc2\contrib\SDL-mirror\src\video\windows\SDL_windowskeyboard.c(586,19): warning C4312: 'type cast': conversion from 'unsigned int' to 'HKL' of greater size
C:\Users\jawda\OneDrive\Desktop\CMPUT350_Lab\BasicSc2Bot\cpp-sc2\contrib\SDL-mirror\src\video\windows\SDL_windowskeyboard.c(587,19): warning C4312: 'type cast': conversion from 'unsigned int' to 'HKL' of greater size
C:\Users\jawda\OneDrive\Desktop\CMPUT350_Lab\BasicSc2Bot\cpp-sc2\contrib\SDL-mirror\src\video\windows\SDL_windowskeyboard.c(588,19): warning C4312: 'type cast': conversion from 'unsigned int' to 'HKL' of greater size
C:\Users\jawda\OneDrive\Desktop\CMPUT350_Lab\BasicSc2Bot\cpp-sc2\contrib\SDL-mirror\src\video\windows\SDL_windowskeyboard.c(589,19): warning C4312: 'type cast': conversion from 'unsigned int' to 'HKL' of greater size
  SDL_windowsmessagebox.c
  SDL_windowsmodes.c
  SDL_windowsmouse.c
  SDL_windowsopengl.c
  SDL_windowsopengles.c
  SDL_windowsshape.c
  SDL_windowsvideo.c
  SDL_windowswindow.c
  SDL_sysmutex.c
  SDL_syssem.c
  SDL_systhread.c
  SDL_systls.c
  SDL_syscond.c
  SDL_syspower.c
  Generating Code...
  Compiling...
  SDL_sysfilesystem.c
  SDL_systimer.c
  SDL_sysloadso.c
  SDL_dinputjoystick.c
  SDL_mmjoystick.c
  SDL_windowsjoystick.c
  SDL_xinputjoystick.c
  SDL_dinputhaptic.c
  SDL_windowshaptic.c
  SDL_xinputhaptic.c
  Generating Code...
  SDL2-static.vcxproj -> C:\Users\jawda\OneDrive\Desktop\CMPUT350_Lab\BasicSc2Bot\build\cpp-sc2\bin\SDL2.lib
