  Building Custom Rule C:/Users/jawda/OneDrive/Desktop/CMPUT350_Lab/BasicSc2Bot/cpp-sc2/contrib/ipv6-parse/CMakeLists.txt
  ipv6.c
C:\Users\jawda\OneDrive\Desktop\CMPUT350_Lab\BasicSc2Bot\cpp-sc2\contrib\ipv6-parse\ipv6.c(408,13): warning C4061: enumerator 'EC_V4_COMPONENT_SEP' in switch of enum 'eventclass_t' is not explicitly handled by a case label
C:\Users\jawda\OneDrive\Desktop\CMPUT350_Lab\BasicSc2Bot\cpp-sc2\contrib\ipv6-parse\ipv6.c(56): message : see declaration of 'eventclass_t'
C:\Users\jawda\OneDrive\Desktop\CMPUT350_Lab\BasicSc2Bot\cpp-sc2\contrib\ipv6-parse\ipv6.c(408,13): warning C4061: enumerator 'EC_IFACE' in switch of enum 'eventclass_t' is not explicitly handled by a case label
C:\Users\jawda\OneDrive\Desktop\CMPUT350_Lab\BasicSc2Bot\cpp-sc2\contrib\ipv6-parse\ipv6.c(56): message : see declaration of 'eventclass_t'
C:\Users\jawda\OneDrive\Desktop\CMPUT350_Lab\BasicSc2Bot\cpp-sc2\contrib\ipv6-parse\ipv6.c(487,13): warning C4061: enumerator 'EC_OPEN_BRACKET' in switch of enum 'eventclass_t' is not explicitly handled by a case label
C:\Users\jawda\OneDrive\Desktop\CMPUT350_Lab\BasicSc2Bot\cpp-sc2\contrib\ipv6-parse\ipv6.c(56): message : see declaration of 'eventclass_t'
C:\Users\jawda\OneDrive\Desktop\CMPUT350_Lab\BasicSc2Bot\cpp-sc2\contrib\ipv6-parse\ipv6.c(541,13): warning C4061: enumerator 'EC_V4_COMPONENT_SEP' in switch of enum 'eventclass_t' is not explicitly handled by a case label
C:\Users\jawda\OneDrive\Desktop\CMPUT350_Lab\BasicSc2Bot\cpp-sc2\contrib\ipv6-parse\ipv6.c(56): message : see declaration of 'eventclass_t'
C:\Users\jawda\OneDrive\Desktop\CMPUT350_Lab\BasicSc2Bot\cpp-sc2\contrib\ipv6-parse\ipv6.c(557,13): warning C4061: enumerator 'EC_DIGIT' in switch of enum 'eventclass_t' is not explicitly handled by a case label
C:\Users\jawda\OneDrive\Desktop\CMPUT350_Lab\BasicSc2Bot\cpp-sc2\contrib\ipv6-parse\ipv6.c(56): message : see declaration of 'eventclass_t'
C:\Users\jawda\OneDrive\Desktop\CMPUT350_Lab\BasicSc2Bot\cpp-sc2\contrib\ipv6-parse\ipv6.c(557,13): warning C4061: enumerator 'EC_HEX_DIGIT' in switch of enum 'eventclass_t' is not explicitly handled by a case label
C:\Users\jawda\OneDrive\Desktop\CMPUT350_Lab\BasicSc2Bot\cpp-sc2\contrib\ipv6-parse\ipv6.c(56): message : see declaration of 'eventclass_t'
C:\Users\jawda\OneDrive\Desktop\CMPUT350_Lab\BasicSc2Bot\cpp-sc2\contrib\ipv6-parse\ipv6.c(557,13): warning C4061: enumerator 'EC_V4_COMPONENT_SEP' in switch of enum 'eventclass_t' is not explicitly handled by a case label
C:\Users\jawda\OneDrive\Desktop\CMPUT350_Lab\BasicSc2Bot\cpp-sc2\contrib\ipv6-parse\ipv6.c(56): message : see declaration of 'eventclass_t'
C:\Users\jawda\OneDrive\Desktop\CMPUT350_Lab\BasicSc2Bot\cpp-sc2\contrib\ipv6-parse\ipv6.c(557,13): warning C4061: enumerator 'EC_V6_COMPONENT_SEP' in switch of enum 'eventclass_t' is not explicitly handled by a case label
C:\Users\jawda\OneDrive\Desktop\CMPUT350_Lab\BasicSc2Bot\cpp-sc2\contrib\ipv6-parse\ipv6.c(56): message : see declaration of 'eventclass_t'
C:\Users\jawda\OneDrive\Desktop\CMPUT350_Lab\BasicSc2Bot\cpp-sc2\contrib\ipv6-parse\ipv6.c(557,13): warning C4061: enumerator 'EC_CIDR_MASK' in switch of enum 'eventclass_t' is not explicitly handled by a case label
C:\Users\jawda\OneDrive\Desktop\CMPUT350_Lab\BasicSc2Bot\cpp-sc2\contrib\ipv6-parse\ipv6.c(56): message : see declaration of 'eventclass_t'
C:\Users\jawda\OneDrive\Desktop\CMPUT350_Lab\BasicSc2Bot\cpp-sc2\contrib\ipv6-parse\ipv6.c(557,13): warning C4061: enumerator 'EC_IFACE' in switch of enum 'eventclass_t' is not explicitly handled by a case label
C:\Users\jawda\OneDrive\Desktop\CMPUT350_Lab\BasicSc2Bot\cpp-sc2\contrib\ipv6-parse\ipv6.c(56): message : see declaration of 'eventclass_t'
C:\Users\jawda\OneDrive\Desktop\CMPUT350_Lab\BasicSc2Bot\cpp-sc2\contrib\ipv6-parse\ipv6.c(557,13): warning C4061: enumerator 'EC_OPEN_BRACKET' in switch of enum 'eventclass_t' is not explicitly handled by a case label
C:\Users\jawda\OneDrive\Desktop\CMPUT350_Lab\BasicSc2Bot\cpp-sc2\contrib\ipv6-parse\ipv6.c(56): message : see declaration of 'eventclass_t'
C:\Users\jawda\OneDrive\Desktop\CMPUT350_Lab\BasicSc2Bot\cpp-sc2\contrib\ipv6-parse\ipv6.c(584,13): warning C4061: enumerator 'EC_HEX_DIGIT' in switch of enum 'eventclass_t' is not explicitly handled by a case label
C:\Users\jawda\OneDrive\Desktop\CMPUT350_Lab\BasicSc2Bot\cpp-sc2\contrib\ipv6-parse\ipv6.c(56): message : see declaration of 'eventclass_t'
C:\Users\jawda\OneDrive\Desktop\CMPUT350_Lab\BasicSc2Bot\cpp-sc2\contrib\ipv6-parse\ipv6.c(584,13): warning C4061: enumerator 'EC_V4_COMPONENT_SEP' in switch of enum 'eventclass_t' is not explicitly handled by a case label
C:\Users\jawda\OneDrive\Desktop\CMPUT350_Lab\BasicSc2Bot\cpp-sc2\contrib\ipv6-parse\ipv6.c(56): message : see declaration of 'eventclass_t'
C:\Users\jawda\OneDrive\Desktop\CMPUT350_Lab\BasicSc2Bot\cpp-sc2\contrib\ipv6-parse\ipv6.c(584,13): warning C4061: enumerator 'EC_V6_COMPONENT_SEP' in switch of enum 'eventclass_t' is not explicitly handled by a case label
C:\Users\jawda\OneDrive\Desktop\CMPUT350_Lab\BasicSc2Bot\cpp-sc2\contrib\ipv6-parse\ipv6.c(56): message : see declaration of 'eventclass_t'
C:\Users\jawda\OneDrive\Desktop\CMPUT350_Lab\BasicSc2Bot\cpp-sc2\contrib\ipv6-parse\ipv6.c(584,13): warning C4061: enumerator 'EC_CIDR_MASK' in switch of enum 'eventclass_t' is not explicitly handled by a case label
C:\Users\jawda\OneDrive\Desktop\CMPUT350_Lab\BasicSc2Bot\cpp-sc2\contrib\ipv6-parse\ipv6.c(56): message : see declaration of 'eventclass_t'
C:\Users\jawda\OneDrive\Desktop\CMPUT350_Lab\BasicSc2Bot\cpp-sc2\contrib\ipv6-parse\ipv6.c(584,13): warning C4061: enumerator 'EC_OPEN_BRACKET' in switch of enum 'eventclass_t' is not explicitly handled by a case label
C:\Users\jawda\OneDrive\Desktop\CMPUT350_Lab\BasicSc2Bot\cpp-sc2\contrib\ipv6-parse\ipv6.c(56): message : see declaration of 'eventclass_t'
C:\Users\jawda\OneDrive\Desktop\CMPUT350_Lab\BasicSc2Bot\cpp-sc2\contrib\ipv6-parse\ipv6.c(601,13): warning C4061: enumerator 'EC_DIGIT' in switch of enum 'eventclass_t' is not explicitly handled by a case label
C:\Users\jawda\OneDrive\Desktop\CMPUT350_Lab\BasicSc2Bot\cpp-sc2\contrib\ipv6-parse\ipv6.c(56): message : see declaration of 'eventclass_t'
C:\Users\jawda\OneDrive\Desktop\CMPUT350_Lab\BasicSc2Bot\cpp-sc2\contrib\ipv6-parse\ipv6.c(601,13): warning C4061: enumerator 'EC_HEX_DIGIT' in switch of enum 'eventclass_t' is not explicitly handled by a case label
C:\Users\jawda\OneDrive\Desktop\CMPUT350_Lab\BasicSc2Bot\cpp-sc2\contrib\ipv6-parse\ipv6.c(56): message : see declaration of 'eventclass_t'
C:\Users\jawda\OneDrive\Desktop\CMPUT350_Lab\BasicSc2Bot\cpp-sc2\contrib\ipv6-parse\ipv6.c(601,13): warning C4061: enumerator 'EC_V4_COMPONENT_SEP' in switch of enum 'eventclass_t' is not explicitly handled by a case label
C:\Users\jawda\OneDrive\Desktop\CMPUT350_Lab\BasicSc2Bot\cpp-sc2\contrib\ipv6-parse\ipv6.c(56): message : see declaration of 'eventclass_t'
C:\Users\jawda\OneDrive\Desktop\CMPUT350_Lab\BasicSc2Bot\cpp-sc2\contrib\ipv6-parse\ipv6.c(601,13): warning C4061: enumerator 'EC_CIDR_MASK' in switch of enum 'eventclass_t' is not explicitly handled by a case label
C:\Users\jawda\OneDrive\Desktop\CMPUT350_Lab\BasicSc2Bot\cpp-sc2\contrib\ipv6-parse\ipv6.c(56): message : see declaration of 'eventclass_t'
C:\Users\jawda\OneDrive\Desktop\CMPUT350_Lab\BasicSc2Bot\cpp-sc2\contrib\ipv6-parse\ipv6.c(601,13): warning C4061: enumerator 'EC_IFACE' in switch of enum 'eventclass_t' is not explicitly handled by a case label
C:\Users\jawda\OneDrive\Desktop\CMPUT350_Lab\BasicSc2Bot\cpp-sc2\contrib\ipv6-parse\ipv6.c(56): message : see declaration of 'eventclass_t'
C:\Users\jawda\OneDrive\Desktop\CMPUT350_Lab\BasicSc2Bot\cpp-sc2\contrib\ipv6-parse\ipv6.c(601,13): warning C4061: enumerator 'EC_OPEN_BRACKET' in switch of enum 'eventclass_t' is not explicitly handled by a case label
C:\Users\jawda\OneDrive\Desktop\CMPUT350_Lab\BasicSc2Bot\cpp-sc2\contrib\ipv6-parse\ipv6.c(56): message : see declaration of 'eventclass_t'
C:\Users\jawda\OneDrive\Desktop\CMPUT350_Lab\BasicSc2Bot\cpp-sc2\contrib\ipv6-parse\ipv6.c(601,13): warning C4061: enumerator 'EC_CLOSE_BRACKET' in switch of enum 'eventclass_t' is not explicitly handled by a case label
C:\Users\jawda\OneDrive\Desktop\CMPUT350_Lab\BasicSc2Bot\cpp-sc2\contrib\ipv6-parse\ipv6.c(56): message : see declaration of 'eventclass_t'
C:\Users\jawda\OneDrive\Desktop\CMPUT350_Lab\BasicSc2Bot\cpp-sc2\contrib\ipv6-parse\ipv6.c(617,13): warning C4061: enumerator 'EC_HEX_DIGIT' in switch of enum 'eventclass_t' is not explicitly handled by a case label
C:\Users\jawda\OneDrive\Desktop\CMPUT350_Lab\BasicSc2Bot\cpp-sc2\contrib\ipv6-parse\ipv6.c(56): message : see declaration of 'eventclass_t'
C:\Users\jawda\OneDrive\Desktop\CMPUT350_Lab\BasicSc2Bot\cpp-sc2\contrib\ipv6-parse\ipv6.c(617,13): warning C4061: enumerator 'EC_V4_COMPONENT_SEP' in switch of enum 'eventclass_t' is not explicitly handled by a case label
C:\Users\jawda\OneDrive\Desktop\CMPUT350_Lab\BasicSc2Bot\cpp-sc2\contrib\ipv6-parse\ipv6.c(56): message : see declaration of 'eventclass_t'
C:\Users\jawda\OneDrive\Desktop\CMPUT350_Lab\BasicSc2Bot\cpp-sc2\contrib\ipv6-parse\ipv6.c(617,13): warning C4061: enumerator 'EC_V6_COMPONENT_SEP' in switch of enum 'eventclass_t' is not explicitly handled by a case label
C:\Users\jawda\OneDrive\Desktop\CMPUT350_Lab\BasicSc2Bot\cpp-sc2\contrib\ipv6-parse\ipv6.c(56): message : see declaration of 'eventclass_t'
C:\Users\jawda\OneDrive\Desktop\CMPUT350_Lab\BasicSc2Bot\cpp-sc2\contrib\ipv6-parse\ipv6.c(617,13): warning C4061: enumerator 'EC_CIDR_MASK' in switch of enum 'eventclass_t' is not explicitly handled by a case label
C:\Users\jawda\OneDrive\Desktop\CMPUT350_Lab\BasicSc2Bot\cpp-sc2\contrib\ipv6-parse\ipv6.c(56): message : see declaration of 'eventclass_t'
C:\Users\jawda\OneDrive\Desktop\CMPUT350_Lab\BasicSc2Bot\cpp-sc2\contrib\ipv6-parse\ipv6.c(617,13): warning C4061: enumerator 'EC_IFACE' in switch of enum 'eventclass_t' is not explicitly handled by a case label
C:\Users\jawda\OneDrive\Desktop\CMPUT350_Lab\BasicSc2Bot\cpp-sc2\contrib\ipv6-parse\ipv6.c(56): message : see declaration of 'eventclass_t'
C:\Users\jawda\OneDrive\Desktop\CMPUT350_Lab\BasicSc2Bot\cpp-sc2\contrib\ipv6-parse\ipv6.c(617,13): warning C4061: enumerator 'EC_OPEN_BRACKET' in switch of enum 'eventclass_t' is not explicitly handled by a case label
C:\Users\jawda\OneDrive\Desktop\CMPUT350_Lab\BasicSc2Bot\cpp-sc2\contrib\ipv6-parse\ipv6.c(56): message : see declaration of 'eventclass_t'
C:\Users\jawda\OneDrive\Desktop\CMPUT350_Lab\BasicSc2Bot\cpp-sc2\contrib\ipv6-parse\ipv6.c(617,13): warning C4061: enumerator 'EC_CLOSE_BRACKET' in switch of enum 'eventclass_t' is not explicitly handled by a case label
C:\Users\jawda\OneDrive\Desktop\CMPUT350_Lab\BasicSc2Bot\cpp-sc2\contrib\ipv6-parse\ipv6.c(56): message : see declaration of 'eventclass_t'
C:\Users\jawda\OneDrive\Desktop\CMPUT350_Lab\BasicSc2Bot\cpp-sc2\contrib\ipv6-parse\ipv6.c(620,5): warning C4061: enumerator 'STATE_ZERORUN' in switch of enum 'state_t' is not explicitly handled by a case label
C:\Users\jawda\OneDrive\Desktop\CMPUT350_Lab\BasicSc2Bot\cpp-sc2\contrib\ipv6-parse\ipv6.c(40): message : see declaration of 'state_t'
C:\Users\jawda\OneDrive\Desktop\CMPUT350_Lab\BasicSc2Bot\cpp-sc2\contrib\ipv6-parse\ipv6.c(976): warning C5045: Compiler will insert Spectre mitigation for memory load if /Qspectre switch specified
C:\Users\jawda\OneDrive\Desktop\CMPUT350_Lab\BasicSc2Bot\cpp-sc2\contrib\ipv6-parse\ipv6.c(975): message : index 'i' range checked by comparison on this line
C:\Users\jawda\OneDrive\Desktop\CMPUT350_Lab\BasicSc2Bot\cpp-sc2\contrib\ipv6-parse\ipv6.c(978): message : feeds call on this line
  ipv6-parse.vcxproj -> C:\Users\jawda\OneDrive\Desktop\CMPUT350_Lab\BasicSc2Bot\build\cpp-sc2\contrib\ipv6-parse\bin\ipv6-parse.lib
