  sc2_action.cc
  sc2_agent.cc
  sc2_client.cc
  sc2_connection.cc
  sc2_coordinator.cc
  sc2_data.cc
  sc2_map_info.cpp
  sc2_proto_interface.cc
C:\Users\a\Documents\cmput350-project\2Bs-Bombastic-Botification\cpp-sc2\contrib\protobuf\src\google\protobuf\stubs\strutil.h(357,36): warning C4127: conditional expression is constant (compiling source file C:\Users\a\Documents\cmput350-project\2Bs-Bombastic-Botification\cpp-sc2\src\sc2api\sc2_action.cc)
C:\Users\a\Documents\cmput350-project\2Bs-Bombastic-Botification\cpp-sc2\contrib\protobuf\src\google\protobuf\stubs\strutil.h(364,46): warning C4127: conditional expression is constant (compiling source file C:\Users\a\Documents\cmput350-project\2Bs-Bombastic-Botification\cpp-sc2\src\sc2api\sc2_action.cc)
C:\Users\a\Documents\cmput350-project\2Bs-Bombastic-Botification\cpp-sc2\contrib\protobuf\src\google\protobuf\stubs\strutil.h(357,36): warning C4127: conditional expression is constant (compiling source file C:\Users\a\Documents\cmput350-project\2Bs-Bombastic-Botification\cpp-sc2\src\sc2api\sc2_map_info.cpp)
C:\Users\a\Documents\cmput350-project\2Bs-Bombastic-Botification\cpp-sc2\contrib\protobuf\src\google\protobuf\stubs\strutil.h(364,46): warning C4127: conditional expression is constant (compiling source file C:\Users\a\Documents\cmput350-project\2Bs-Bombastic-Botification\cpp-sc2\src\sc2api\sc2_map_info.cpp)
C:\Users\a\Documents\cmput350-project\2Bs-Bombastic-Botification\cpp-sc2\contrib\protobuf\src\google\protobuf\stubs\strutil.h(357,36): warning C4127: conditional expression is constant (compiling source file C:\Users\a\Documents\cmput350-project\2Bs-Bombastic-Botification\cpp-sc2\src\sc2api\sc2_client.cc)
C:\Users\a\Documents\cmput350-project\2Bs-Bombastic-Botification\cpp-sc2\contrib\protobuf\src\google\protobuf\stubs\strutil.h(364,46): warning C4127: conditional expression is constant (compiling source file C:\Users\a\Documents\cmput350-project\2Bs-Bombastic-Botification\cpp-sc2\src\sc2api\sc2_client.cc)
C:\Users\a\Documents\cmput350-project\2Bs-Bombastic-Botification\cpp-sc2\contrib\protobuf\src\google\protobuf\stubs\strutil.h(357,36): warning C4127: conditional expression is constant (compiling source file C:\Users\a\Documents\cmput350-project\2Bs-Bombastic-Botification\cpp-sc2\src\sc2api\sc2_connection.cc)
C:\Users\a\Documents\cmput350-project\2Bs-Bombastic-Botification\cpp-sc2\contrib\protobuf\src\google\protobuf\stubs\strutil.h(364,46): warning C4127: conditional expression is constant (compiling source file C:\Users\a\Documents\cmput350-project\2Bs-Bombastic-Botification\cpp-sc2\src\sc2api\sc2_connection.cc)
C:\Users\a\Documents\cmput350-project\2Bs-Bombastic-Botification\cpp-sc2\contrib\protobuf\src\google\protobuf\stubs\strutil.h(357,36): warning C4127: conditional expression is constant (compiling source file C:\Users\a\Documents\cmput350-project\2Bs-Bombastic-Botification\cpp-sc2\src\sc2api\sc2_agent.cc)
C:\Users\a\Documents\cmput350-project\2Bs-Bombastic-Botification\cpp-sc2\contrib\protobuf\src\google\protobuf\stubs\strutil.h(364,46): warning C4127: conditional expression is constant (compiling source file C:\Users\a\Documents\cmput350-project\2Bs-Bombastic-Botification\cpp-sc2\src\sc2api\sc2_agent.cc)
C:\Users\a\Documents\cmput350-project\2Bs-Bombastic-Botification\cpp-sc2\contrib\protobuf\src\google\protobuf\stubs\strutil.h(357,36): warning C4127: conditional expression is constant (compiling source file C:\Users\a\Documents\cmput350-project\2Bs-Bombastic-Botification\cpp-sc2\src\sc2api\sc2_coordinator.cc)
C:\Users\a\Documents\cmput350-project\2Bs-Bombastic-Botification\cpp-sc2\contrib\protobuf\src\google\protobuf\stubs\strutil.h(364,46): warning C4127: conditional expression is constant (compiling source file C:\Users\a\Documents\cmput350-project\2Bs-Bombastic-Botification\cpp-sc2\src\sc2api\sc2_coordinator.cc)
C:\Users\a\Documents\cmput350-project\2Bs-Bombastic-Botification\cpp-sc2\contrib\protobuf\src\google\protobuf\stubs\strutil.h(357,36): warning C4127: conditional expression is constant (compiling source file C:\Users\a\Documents\cmput350-project\2Bs-Bombastic-Botification\cpp-sc2\src\sc2api\sc2_data.cc)
C:\Users\a\Documents\cmput350-project\2Bs-Bombastic-Botification\cpp-sc2\contrib\protobuf\src\google\protobuf\stubs\strutil.h(364,46): warning C4127: conditional expression is constant (compiling source file C:\Users\a\Documents\cmput350-project\2Bs-Bombastic-Botification\cpp-sc2\src\sc2api\sc2_data.cc)
C:\Users\a\Documents\cmput350-project\2Bs-Bombastic-Botification\cpp-sc2\contrib\protobuf\src\google\protobuf\stubs\strutil.h(357,36): warning C4127: conditional expression is constant (compiling source file C:\Users\a\Documents\cmput350-project\2Bs-Bombastic-Botification\cpp-sc2\src\sc2api\sc2_proto_interface.cc)
C:\Users\a\Documents\cmput350-project\2Bs-Bombastic-Botification\cpp-sc2\contrib\protobuf\src\google\protobuf\stubs\strutil.h(364,46): warning C4127: conditional expression is constant (compiling source file C:\Users\a\Documents\cmput350-project\2Bs-Bombastic-Botification\cpp-sc2\src\sc2api\sc2_proto_interface.cc)
  sc2_proto_to_pods.cc
  sc2_replay_observer.cc
C:\Users\a\Documents\cmput350-project\2Bs-Bombastic-Botification\cpp-sc2\src\sc2api\sc2_connection.cc(145,26): warning C4996: 'google::protobuf::MessageLite::ByteSize': Please use ByteSizeLong() instead
  sc2_score.cc
  sc2_server.cc
  sc2_unit.cc
  sc2_unit_filters.cc
C:\Users\a\Documents\cmput350-project\2Bs-Bombastic-Botification\cpp-sc2\contrib\protobuf\src\google\protobuf\stubs\strutil.h(357,36): warning C4127: conditional expression is constant (compiling source file C:\Users\a\Documents\cmput350-project\2Bs-Bombastic-Botification\cpp-sc2\src\sc2api\sc2_proto_to_pods.cc)
C:\Users\a\Documents\cmput350-project\2Bs-Bombastic-Botification\cpp-sc2\contrib\protobuf\src\google\protobuf\stubs\strutil.h(364,46): warning C4127: conditional expression is constant (compiling source file C:\Users\a\Documents\cmput350-project\2Bs-Bombastic-Botification\cpp-sc2\src\sc2api\sc2_proto_to_pods.cc)
C:\Users\a\Documents\cmput350-project\2Bs-Bombastic-Botification\cpp-sc2\contrib\protobuf\src\google\protobuf\stubs\strutil.h(357,36): warning C4127: conditional expression is constant (compiling source file C:\Users\a\Documents\cmput350-project\2Bs-Bombastic-Botification\cpp-sc2\src\sc2api\sc2_replay_observer.cc)
C:\Users\a\Documents\cmput350-project\2Bs-Bombastic-Botification\cpp-sc2\contrib\protobuf\src\google\protobuf\stubs\strutil.h(364,46): warning C4127: conditional expression is constant (compiling source file C:\Users\a\Documents\cmput350-project\2Bs-Bombastic-Botification\cpp-sc2\src\sc2api\sc2_replay_observer.cc)
C:\Users\a\Documents\cmput350-project\2Bs-Bombastic-Botification\cpp-sc2\contrib\protobuf\src\google\protobuf\stubs\strutil.h(357,36): warning C4127: conditional expression is constant (compiling source file C:\Users\a\Documents\cmput350-project\2Bs-Bombastic-Botification\cpp-sc2\src\sc2api\sc2_score.cc)
C:\Users\a\Documents\cmput350-project\2Bs-Bombastic-Botification\cpp-sc2\contrib\protobuf\src\google\protobuf\stubs\strutil.h(364,46): warning C4127: conditional expression is constant (compiling source file C:\Users\a\Documents\cmput350-project\2Bs-Bombastic-Botification\cpp-sc2\src\sc2api\sc2_score.cc)
C:\Users\a\Documents\cmput350-project\2Bs-Bombastic-Botification\cpp-sc2\contrib\protobuf\src\google\protobuf\stubs\strutil.h(357,36): warning C4127: conditional expression is constant (compiling source file C:\Users\a\Documents\cmput350-project\2Bs-Bombastic-Botification\cpp-sc2\src\sc2api\sc2_server.cc)
C:\Users\a\Documents\cmput350-project\2Bs-Bombastic-Botification\cpp-sc2\contrib\protobuf\src\google\protobuf\stubs\strutil.h(364,46): warning C4127: conditional expression is constant (compiling source file C:\Users\a\Documents\cmput350-project\2Bs-Bombastic-Botification\cpp-sc2\src\sc2api\sc2_server.cc)
C:\Users\a\Documents\cmput350-project\2Bs-Bombastic-Botification\cpp-sc2\contrib\protobuf\src\google\protobuf\stubs\strutil.h(357,36): warning C4127: conditional expression is constant (compiling source file C:\Users\a\Documents\cmput350-project\2Bs-Bombastic-Botification\cpp-sc2\src\sc2api\sc2_unit.cc)
C:\Users\a\Documents\cmput350-project\2Bs-Bombastic-Botification\cpp-sc2\contrib\protobuf\src\google\protobuf\stubs\strutil.h(364,46): warning C4127: conditional expression is constant (compiling source file C:\Users\a\Documents\cmput350-project\2Bs-Bombastic-Botification\cpp-sc2\src\sc2api\sc2_unit.cc)
C:\Users\a\Documents\cmput350-project\2Bs-Bombastic-Botification\cpp-sc2\contrib\protobuf\src\google\protobuf\stubs\strutil.h(357,36): warning C4127: conditional expression is constant (compiling source file C:\Users\a\Documents\cmput350-project\2Bs-Bombastic-Botification\cpp-sc2\src\sc2api\sc2_unit_filters.cc)
C:\Users\a\Documents\cmput350-project\2Bs-Bombastic-Botification\cpp-sc2\contrib\protobuf\src\google\protobuf\stubs\strutil.h(364,46): warning C4127: conditional expression is constant (compiling source file C:\Users\a\Documents\cmput350-project\2Bs-Bombastic-Botification\cpp-sc2\src\sc2api\sc2_unit_filters.cc)
C:\Users\a\Documents\cmput350-project\2Bs-Bombastic-Botification\cpp-sc2\src\sc2api\sc2_server.cc(88,26): warning C4996: 'google::protobuf::MessageLite::ByteSize': Please use ByteSizeLong() instead
C:\Users\a\Documents\cmput350-project\2Bs-Bombastic-Botification\cpp-sc2\src\sc2api\sc2_server.cc(163): message : see reference to function template instantiation 'void sc2::SendMessage<sc2::RequestData>(mg_connection *,std::queue<sc2::RequestData,std::deque<sc2::RequestData,std::allocator<sc2::RequestData>>> &)' being compiled
  sc2api.vcxproj -> C:\Users\a\Documents\cmput350-project\2Bs-Bombastic-Botification\build\cpp-sc2\bin\sc2apid.lib
