  Generating ../generated/s2clientprotocol/common.pb.cc, ../generated/s2clientprotocol/common.pb.h
  Generating ../generated/s2clientprotocol/data.pb.cc, ../generated/s2clientprotocol/data.pb.h
  Generating ../generated/s2clientprotocol/debug.pb.cc, ../generated/s2clientprotocol/debug.pb.h
  Generating ../generated/s2clientprotocol/error.pb.cc, ../generated/s2clientprotocol/error.pb.h
  Generating ../generated/s2clientprotocol/query.pb.cc, ../generated/s2clientprotocol/query.pb.h
  Generating ../generated/s2clientprotocol/raw.pb.cc, ../generated/s2clientprotocol/raw.pb.h
  Generating ../generated/s2clientprotocol/sc2api.pb.cc, ../generated/s2clientprotocol/sc2api.pb.h
  Generating ../generated/s2clientprotocol/score.pb.cc, ../generated/s2clientprotocol/score.pb.h
  Generating ../generated/s2clientprotocol/spatial.pb.cc, ../generated/s2clientprotocol/spatial.pb.h
  Generating ../generated/s2clientprotocol/ui.pb.cc, ../generated/s2clientprotocol/ui.pb.h
  common.pb.cc
  data.pb.cc
  debug.pb.cc
  error.pb.cc
  query.pb.cc
  raw.pb.cc
  sc2api.pb.cc
  score.pb.cc
  spatial.pb.cc
  ui.pb.cc
  sc2protocol.vcxproj -> C:\Users\a\Documents\cmput350-project\2Bs-Bombastic-Botification\build\cpp-sc2\bin\sc2protocold.lib
